app/build/intermediates/manifest_merge_blame_file/debug/manifest-merger-blame-debug-report.txt
1<?xml version="1.0" encoding="utf-8"?>
2<manifest xmlns:android="http://schemas.android.com/apk/res/android"
3    package="com.alex.ultim2"
4    android:versionCode="1"
5    android:versionName="1.0" >
6
7    <uses-sdk
8        android:minSdkVersion="24"
8-->src\main\AndroidManifest.xml
9        android:targetSdkVersion="33" />
9-->src\main\AndroidManifest.xml
10
11    <uses-permission android:name="android.permission.ACCESS_FINE_LOCATION" />
11-->src\main\AndroidManifest.xml:6:5-7:45
11-->src\main\AndroidManifest.xml:6:22-76
12    <uses-permission android:name="android.permission.ACCESS_FINE_LOCATION" />
12-->src\main\AndroidManifest.xml:6:5-7:45
12-->src\main\AndroidManifest.xml:6:22-76
13    <uses-permission android:name="android.permission.INTERNET" />
13-->src\main\AndroidManifest.xml:9:5-66
13-->src\main\AndroidManifest.xml:9:22-64
14    <uses-permission android:name="android.permission.ACCESS_WIFI_STATE" /> <!-- Include required permissions for Google Maps API to run. -->
14-->[com.google.android.libraries.places:places:2.5.0] AndroidManifest.xml:10:5-76
14-->[com.google.android.libraries.places:places:2.5.0] AndroidManifest.xml:10:22-73
15    <uses-permission android:name="android.permission.ACCESS_NETWORK_STATE" />
15-->[com.google.android.gms:play-services-maps:18.1.0] AndroidManifest.xml:23:5-79
15-->[com.google.android.gms:play-services-maps:18.1.0] AndroidManifest.xml:23:22-76
16
17    <uses-feature
17-->[com.google.android.gms:play-services-maps:18.1.0] AndroidManifest.xml:26:5-28:35
18        android:glEsVersion="0x00020000"
18-->[com.google.android.gms:play-services-maps:18.1.0] AndroidManifest.xml:27:9-41
19        android:required="true" />
19-->[com.google.android.gms:play-services-maps:18.1.0] AndroidManifest.xml:28:9-32
20
21    <queries>
21-->[com.google.android.gms:play-services-maps:18.1.0] AndroidManifest.xml:30:5-34:15
22
23        <!-- Needs to be explicitly declared on Android R+ -->
24        <package android:name="com.google.android.apps.maps" />
24-->[com.google.android.gms:play-services-maps:18.1.0] AndroidManifest.xml:33:9-64
24-->[com.google.android.gms:play-services-maps:18.1.0] AndroidManifest.xml:33:18-61
25    </queries>
26
27    <uses-permission android:name="android.permission.POST_NOTIFICATIONS" />
27-->[com.google.firebase:firebase-messaging:23.2.1] AndroidManifest.xml:23:5-77
27-->[com.google.firebase:firebase-messaging:23.2.1] AndroidManifest.xml:23:22-74
28    <uses-permission android:name="android.permission.WAKE_LOCK" /> <!-- Required by older versions of Google Play services to create IID tokens -->
28-->[com.google.firebase:firebase-messaging:23.2.1] AndroidManifest.xml:24:5-68
28-->[com.google.firebase:firebase-messaging:23.2.1] AndroidManifest.xml:24:22-65
29    <uses-permission android:name="com.google.android.c2dm.permission.RECEIVE" />
29-->[com.google.firebase:firebase-messaging:23.2.1] AndroidManifest.xml:26:5-82
29-->[com.google.firebase:firebase-messaging:23.2.1] AndroidManifest.xml:26:22-79
30    <uses-permission android:name="com.google.android.gms.permission.AD_ID" />
30-->[com.google.android.gms:play-services-measurement-api:21.3.0] AndroidManifest.xml:25:5-79
30-->[com.google.android.gms:play-services-measurement-api:21.3.0] AndroidManifest.xml:25:22-76
31    <uses-permission android:name="com.google.android.finsky.permission.BIND_GET_INSTALL_REFERRER_SERVICE" />
31-->[com.google.android.gms:play-services-measurement:21.3.0] AndroidManifest.xml:26:5-110
31-->[com.google.android.gms:play-services-measurement:21.3.0] AndroidManifest.xml:26:22-107
32
33    <permission
33-->[androidx.core:core:1.9.0] AndroidManifest.xml:22:5-24:47
34        android:name="com.alex.ultim2.DYNAMIC_RECEIVER_NOT_EXPORTED_PERMISSION"
34-->[androidx.core:core:1.9.0] AndroidManifest.xml:23:9-81
35        android:protectionLevel="signature" />
35-->[androidx.core:core:1.9.0] AndroidManifest.xml:24:9-44
36
37    <uses-permission android:name="com.alex.ultim2.DYNAMIC_RECEIVER_NOT_EXPORTED_PERMISSION" />
37-->[androidx.core:core:1.9.0] AndroidManifest.xml:26:5-97
37-->[androidx.core:core:1.9.0] AndroidManifest.xml:26:22-94
38
39    <application
39-->src\main\AndroidManifest.xml:11:5-95:19
40        android:allowBackup="true"
40-->src\main\AndroidManifest.xml:13:9-35
41        android:appComponentFactory="androidx.core.app.CoreComponentFactory"
41-->[androidx.core:core:1.9.0] AndroidManifest.xml:28:18-86
42        android:dataExtractionRules="@xml/data_extraction_rules"
42-->src\main\AndroidManifest.xml:14:9-65
43        android:debuggable="true"
44        android:extractNativeLibs="false"
45        android:fullBackupContent="@xml/backup_rules"
45-->src\main\AndroidManifest.xml:15:9-54
46        android:icon="@mipmap/logo"
46-->src\main\AndroidManifest.xml:16:9-36
47        android:label="SEGUIMIENTO A GRADUADOS IASA"
47-->src\main\AndroidManifest.xml:17:9-53
48        android:supportsRtl="true"
48-->src\main\AndroidManifest.xml:18:9-35
49        android:testOnly="true"
50        android:theme="@style/Theme.SaveGoogleSheets" >
50-->src\main\AndroidManifest.xml:19:9-54
51        <meta-data
51-->src\main\AndroidManifest.xml:21:9-25:15
52            android:name="com.google.android.geo.API_KEY"
52-->src\main\AndroidManifest.xml:22:13-58
53            android:value="AIzaSyB7pwnjrdCODA_yh3Xcqrp18AfRQvJS9a0" />
53-->src\main\AndroidManifest.xml:24:13-68
54
55        <activity
55-->src\main\AndroidManifest.xml:27:9-29:40
56            android:name="com.alex.ultim2.activities.Sugerencias"
56-->src\main\AndroidManifest.xml:28:13-51
57            android:exported="false" />
57-->src\main\AndroidManifest.xml:29:13-37
58        <activity
58-->src\main\AndroidManifest.xml:30:9-32:40
59            android:name="com.alex.ultim2.activities.Notificaciones"
59-->src\main\AndroidManifest.xml:31:13-54
60            android:exported="false" />
60-->src\main\AndroidManifest.xml:32:13-37
61        <activity
61-->src\main\AndroidManifest.xml:33:9-36:54
62            android:name="com.alex.ultim2.activities.CustomNotificationActivity"
62-->src\main\AndroidManifest.xml:34:13-66
63            android:label="Título de la Actividad"
63-->src\main\AndroidManifest.xml:35:13-51
64            android:theme="@style/AppTheme.Dialog" />
64-->src\main\AndroidManifest.xml:36:13-51
65        <activity
65-->src\main\AndroidManifest.xml:37:9-39:40
66            android:name="com.alex.ultim2.activities.UpdateCampoProfesional"
66-->src\main\AndroidManifest.xml:38:13-62
67            android:exported="false" />
67-->src\main\AndroidManifest.xml:39:13-37
68        <activity
68-->src\main\AndroidManifest.xml:40:9-42:40
69            android:name="com.alex.ultim2.activities.FormularioActivityProfesional"
69-->src\main\AndroidManifest.xml:41:13-69
70            android:exported="false" />
70-->src\main\AndroidManifest.xml:42:13-37
71        <activity
71-->src\main\AndroidManifest.xml:43:9-45:40
72            android:name="com.alex.ultim2.activities.FormularioActivityAgricola"
72-->src\main\AndroidManifest.xml:44:13-66
73            android:exported="false" />
73-->src\main\AndroidManifest.xml:45:13-37
74        <activity
74-->src\main\AndroidManifest.xml:46:9-48:40
75            android:name="com.alex.ultim2.activities.FormularioConferencias"
75-->src\main\AndroidManifest.xml:47:13-62
76            android:exported="false" />
76-->src\main\AndroidManifest.xml:48:13-37
77        <activity
77-->src\main\AndroidManifest.xml:49:9-51:40
78            android:name="com.alex.ultim2.activities.FormularioPasantes"
78-->src\main\AndroidManifest.xml:50:13-58
79            android:exported="false" />
79-->src\main\AndroidManifest.xml:51:13-37
80        <activity
80-->src\main\AndroidManifest.xml:52:9-54:40
81            android:name="com.alex.ultim2.activities.FormularioCapacitacion"
81-->src\main\AndroidManifest.xml:53:13-62
82            android:exported="false" />
82-->src\main\AndroidManifest.xml:54:13-37
83        <activity
83-->src\main\AndroidManifest.xml:55:9-57:40
84            android:name="com.alex.ultim2.activities.FormularioActivityPecuaria"
84-->src\main\AndroidManifest.xml:56:13-66
85            android:exported="false" />
85-->src\main\AndroidManifest.xml:57:13-37
86        <activity
86-->src\main\AndroidManifest.xml:58:9-60:40
87            android:name="com.alex.ultim2.activities.FormularioActivity"
87-->src\main\AndroidManifest.xml:59:13-58
88            android:exported="false" />
88-->src\main\AndroidManifest.xml:60:13-37
89        <activity
89-->src\main\AndroidManifest.xml:61:9-63:40
90            android:name="com.alex.ultim2.activities.ProfesionalActivity"
90-->src\main\AndroidManifest.xml:62:13-59
91            android:exported="false" />
91-->src\main\AndroidManifest.xml:63:13-37
92        <activity
92-->src\main\AndroidManifest.xml:64:9-66:40
93            android:name="com.alex.ultim2.activities.UpdatePasswordActivity"
93-->src\main\AndroidManifest.xml:65:13-62
94            android:exported="false" />
94-->src\main\AndroidManifest.xml:66:13-37
95        <activity
95-->src\main\AndroidManifest.xml:67:9-69:40
96            android:name="com.alex.ultim2.activities.UpdateDataActivity"
96-->src\main\AndroidManifest.xml:68:13-58
97            android:exported="false" />
97-->src\main\AndroidManifest.xml:69:13-37
98        <activity
98-->src\main\AndroidManifest.xml:71:9-73:40
99            android:name="com.alex.ultim2.activities.MainActivity"
99-->src\main\AndroidManifest.xml:72:13-52
100            android:exported="false" />
100-->src\main\AndroidManifest.xml:73:13-37
101        <activity
101-->src\main\AndroidManifest.xml:74:9-76:40
102            android:name="com.alex.ultim2.activities.UserDetailsActivity"
102-->src\main\AndroidManifest.xml:75:13-59
103            android:exported="false" />
103-->src\main\AndroidManifest.xml:76:13-37
104        <activity
104-->src\main\AndroidManifest.xml:78:9-87:20
105            android:name="com.alex.ultim2.activities.LoginActivity"
105-->src\main\AndroidManifest.xml:79:13-53
106            android:exported="true"
106-->src\main\AndroidManifest.xml:81:13-36
107            android:label="@string/app_name" >
107-->src\main\AndroidManifest.xml:80:13-45
108            <intent-filter>
108-->src\main\AndroidManifest.xml:82:13-86:29
109                <action android:name="android.intent.action.MAIN" />
109-->src\main\AndroidManifest.xml:83:17-69
109-->src\main\AndroidManifest.xml:83:25-66
110
111                <category android:name="android.intent.category.LAUNCHER" />
111-->src\main\AndroidManifest.xml:85:17-77
111-->src\main\AndroidManifest.xml:85:27-74
112            </intent-filter>
113        </activity>
114
115        <service
115-->src\main\AndroidManifest.xml:88:9-94:19
116            android:name="com.alex.ultim2.utils.FcmService"
116-->src\main\AndroidManifest.xml:88:18-50
117            android:exported="false" >
117-->src\main\AndroidManifest.xml:89:13-37
118            <intent-filter>
118-->src\main\AndroidManifest.xml:90:13-93:29
119                <action android:name="com.google.firebase.MESSAGING_EVENT" />
119-->src\main\AndroidManifest.xml:91:17-92:73
119-->src\main\AndroidManifest.xml:92:21-71
120            </intent-filter>
121        </service>
122
123        <activity
123-->[com.google.android.libraries.places:places:2.5.0] AndroidManifest.xml:14:9-20:20
124            android:name="com.google.android.libraries.places.widget.AutocompleteActivity"
124-->[com.google.android.libraries.places:places:2.5.0] AndroidManifest.xml:15:13-91
125            android:exported="false"
125-->[com.google.android.libraries.places:places:2.5.0] AndroidManifest.xml:16:13-37
126            android:label="@string/places_autocomplete_label"
126-->[com.google.android.libraries.places:places:2.5.0] AndroidManifest.xml:17:13-62
127            android:theme="@style/PlacesAutocompleteOverlay"
127-->[com.google.android.libraries.places:places:2.5.0] AndroidManifest.xml:18:13-61
128            android:windowSoftInputMode="adjustResize" >
128-->[com.google.android.libraries.places:places:2.5.0] AndroidManifest.xml:19:13-55
129        </activity>
130
131        <provider
131-->[com.squareup.picasso:picasso:2.71828] AndroidManifest.xml:8:9-11:40
132            android:name="com.squareup.picasso.PicassoProvider"
132-->[com.squareup.picasso:picasso:2.71828] AndroidManifest.xml:9:13-64
133            android:authorities="com.alex.ultim2.com.squareup.picasso"
133-->[com.squareup.picasso:picasso:2.71828] AndroidManifest.xml:10:13-72
134            android:exported="false" /> <!-- Needs to be explicitly declared on P+ -->
134-->[com.squareup.picasso:picasso:2.71828] AndroidManifest.xml:11:13-37
135        <uses-library
135-->[com.google.android.gms:play-services-maps:18.1.0] AndroidManifest.xml:39:9-41:40
136            android:name="org.apache.http.legacy"
136-->[com.google.android.gms:play-services-maps:18.1.0] AndroidManifest.xml:40:13-50
137            android:required="false" />
137-->[com.google.android.gms:play-services-maps:18.1.0] AndroidManifest.xml:41:13-37
138
139        <service
139-->[com.google.firebase:firebase-messaging-ktx:23.2.1] AndroidManifest.xml:23:9-29:19
140            android:name="com.google.firebase.components.ComponentDiscoveryService"
140-->[com.google.firebase:firebase-messaging-ktx:23.2.1] AndroidManifest.xml:24:13-84
141            android:directBootAware="true"
141-->[com.google.firebase:firebase-common:20.3.3] AndroidManifest.xml:34:13-43
142            android:exported="false" >
142-->[com.google.firebase:firebase-messaging-ktx:23.2.1] AndroidManifest.xml:25:13-37
143            <meta-data
143-->[com.google.firebase:firebase-messaging-ktx:23.2.1] AndroidManifest.xml:26:13-28:85
144                android:name="com.google.firebase.components:com.google.firebase.messaging.ktx.FirebaseMessagingKtxRegistrar"
144-->[com.google.firebase:firebase-messaging-ktx:23.2.1] AndroidManifest.xml:27:17-126
145                android:value="com.google.firebase.components.ComponentRegistrar" />
145-->[com.google.firebase:firebase-messaging-ktx:23.2.1] AndroidManifest.xml:28:17-82
146            <meta-data
146-->[com.google.firebase:firebase-messaging:23.2.1] AndroidManifest.xml:53:13-55:85
147                android:name="com.google.firebase.components:com.google.firebase.messaging.FirebaseMessagingRegistrar"
147-->[com.google.firebase:firebase-messaging:23.2.1] AndroidManifest.xml:54:17-119
148                android:value="com.google.firebase.components.ComponentRegistrar" />
148-->[com.google.firebase:firebase-messaging:23.2.1] AndroidManifest.xml:55:17-82
149            <meta-data
149-->[com.google.firebase:firebase-datatransport:18.1.7] AndroidManifest.xml:27:13-29:85
150                android:name="com.google.firebase.components:com.google.firebase.datatransport.TransportRegistrar"
150-->[com.google.firebase:firebase-datatransport:18.1.7] AndroidManifest.xml:28:17-115
151                android:value="com.google.firebase.components.ComponentRegistrar" />
151-->[com.google.firebase:firebase-datatransport:18.1.7] AndroidManifest.xml:29:17-82
152            <meta-data
152-->[com.google.firebase:firebase-common-ktx:20.3.3] AndroidManifest.xml:14:13-16:85
153                android:name="com.google.firebase.components:com.google.firebase.ktx.FirebaseCommonKtxRegistrar"
153-->[com.google.firebase:firebase-common-ktx:20.3.3] AndroidManifest.xml:15:17-113
154                android:value="com.google.firebase.components.ComponentRegistrar" />
154-->[com.google.firebase:firebase-common-ktx:20.3.3] AndroidManifest.xml:16:17-82
155            <meta-data
155-->[com.google.android.gms:play-services-measurement-api:21.3.0] AndroidManifest.xml:31:13-33:85
156                android:name="com.google.firebase.components:com.google.firebase.analytics.connector.internal.AnalyticsConnectorRegistrar"
156-->[com.google.android.gms:play-services-measurement-api:21.3.0] AndroidManifest.xml:32:17-139
157                android:value="com.google.firebase.components.ComponentRegistrar" />
157-->[com.google.android.gms:play-services-measurement-api:21.3.0] AndroidManifest.xml:33:17-82
158            <meta-data
158-->[com.google.firebase:firebase-installations:17.1.4] AndroidManifest.xml:15:13-17:85
159                android:name="com.google.firebase.components:com.google.firebase.installations.FirebaseInstallationsRegistrar"
159-->[com.google.firebase:firebase-installations:17.1.4] AndroidManifest.xml:16:17-127
160                android:value="com.google.firebase.components.ComponentRegistrar" />
160-->[com.google.firebase:firebase-installations:17.1.4] AndroidManifest.xml:17:17-82
161        </service>
162
163        <receiver
163-->[com.google.firebase:firebase-messaging:23.2.1] AndroidManifest.xml:29:9-36:20
164            android:name="com.google.firebase.iid.FirebaseInstanceIdReceiver"
164-->[com.google.firebase:firebase-messaging:23.2.1] AndroidManifest.xml:30:13-78
165            android:exported="true"
165-->[com.google.firebase:firebase-messaging:23.2.1] AndroidManifest.xml:31:13-36
166            android:permission="com.google.android.c2dm.permission.SEND" >
166-->[com.google.firebase:firebase-messaging:23.2.1] AndroidManifest.xml:32:13-73
167            <intent-filter>
167-->[com.google.firebase:firebase-messaging:23.2.1] AndroidManifest.xml:33:13-35:29
168                <action android:name="com.google.android.c2dm.intent.RECEIVE" />
168-->[com.google.firebase:firebase-messaging:23.2.1] AndroidManifest.xml:34:17-81
168-->[com.google.firebase:firebase-messaging:23.2.1] AndroidManifest.xml:34:25-78
169            </intent-filter>
170        </receiver>
171        <!--
172             FirebaseMessagingService performs security checks at runtime,
173             but set to not exported to explicitly avoid allowing another app to call it.
174        -->
175        <service
175-->[com.google.firebase:firebase-messaging:23.2.1] AndroidManifest.xml:42:9-49:19
176            android:name="com.google.firebase.messaging.FirebaseMessagingService"
176-->[com.google.firebase:firebase-messaging:23.2.1] AndroidManifest.xml:43:13-82
177            android:directBootAware="true"
177-->[com.google.firebase:firebase-messaging:23.2.1] AndroidManifest.xml:44:13-43
178            android:exported="false" >
178-->[com.google.firebase:firebase-messaging:23.2.1] AndroidManifest.xml:45:13-37
179            <intent-filter android:priority="-500" >
179-->src\main\AndroidManifest.xml:90:13-93:29
180                <action android:name="com.google.firebase.MESSAGING_EVENT" />
180-->src\main\AndroidManifest.xml:91:17-92:73
180-->src\main\AndroidManifest.xml:92:21-71
181            </intent-filter>
182        </service>
183        <service
183-->[com.google.android.datatransport:transport-backend-cct:3.1.8] AndroidManifest.xml:28:9-34:19
184            android:name="com.google.android.datatransport.runtime.backends.TransportBackendDiscovery"
184-->[com.google.android.datatransport:transport-backend-cct:3.1.8] AndroidManifest.xml:29:13-103
185            android:exported="false" >
185-->[com.google.android.datatransport:transport-backend-cct:3.1.8] AndroidManifest.xml:30:13-37
186            <meta-data
186-->[com.google.android.datatransport:transport-backend-cct:3.1.8] AndroidManifest.xml:31:13-33:39
187                android:name="backend:com.google.android.datatransport.cct.CctBackendFactory"
187-->[com.google.android.datatransport:transport-backend-cct:3.1.8] AndroidManifest.xml:32:17-94
188                android:value="cct" />
188-->[com.google.android.datatransport:transport-backend-cct:3.1.8] AndroidManifest.xml:33:17-36
189        </service>
190        <service
190-->[com.google.android.datatransport:transport-runtime:3.1.8] AndroidManifest.xml:26:9-30:19
191            android:name="com.google.android.datatransport.runtime.scheduling.jobscheduling.JobInfoSchedulerService"
191-->[com.google.android.datatransport:transport-runtime:3.1.8] AndroidManifest.xml:27:13-117
192            android:exported="false"
192-->[com.google.android.datatransport:transport-runtime:3.1.8] AndroidManifest.xml:28:13-37
193            android:permission="android.permission.BIND_JOB_SERVICE" >
193-->[com.google.android.datatransport:transport-runtime:3.1.8] AndroidManifest.xml:29:13-69
194        </service>
195
196        <receiver
196-->[com.google.android.datatransport:transport-runtime:3.1.8] AndroidManifest.xml:32:9-34:40
197            android:name="com.google.android.datatransport.runtime.scheduling.jobscheduling.AlarmManagerSchedulerBroadcastReceiver"
197-->[com.google.android.datatransport:transport-runtime:3.1.8] AndroidManifest.xml:33:13-132
198            android:exported="false" />
198-->[com.google.android.datatransport:transport-runtime:3.1.8] AndroidManifest.xml:34:13-37
199
200        <provider
200-->[com.google.firebase:firebase-common:20.3.3] AndroidManifest.xml:25:9-30:39
201            android:name="com.google.firebase.provider.FirebaseInitProvider"
201-->[com.google.firebase:firebase-common:20.3.3] AndroidManifest.xml:26:13-77
202            android:authorities="com.alex.ultim2.firebaseinitprovider"
202-->[com.google.firebase:firebase-common:20.3.3] AndroidManifest.xml:27:13-72
203            android:directBootAware="true"
203-->[com.google.firebase:firebase-common:20.3.3] AndroidManifest.xml:28:13-43
204            android:exported="false"
204-->[com.google.firebase:firebase-common:20.3.3] AndroidManifest.xml:29:13-37
205            android:initOrder="100" />
205-->[com.google.firebase:firebase-common:20.3.3] AndroidManifest.xml:30:13-36
206
207        <activity
207-->[com.google.android.gms:play-services-base:18.1.0] AndroidManifest.xml:20:9-22:45
208            android:name="com.google.android.gms.common.api.GoogleApiActivity"
208-->[com.google.android.gms:play-services-base:18.1.0] AndroidManifest.xml:20:19-85
209            android:exported="false"
209-->[com.google.android.gms:play-services-base:18.1.0] AndroidManifest.xml:22:19-43
210            android:theme="@android:style/Theme.Translucent.NoTitleBar" />
210-->[com.google.android.gms:play-services-base:18.1.0] AndroidManifest.xml:21:19-78
211
212        <receiver
212-->[com.google.android.gms:play-services-measurement:21.3.0] AndroidManifest.xml:29:9-33:20
213            android:name="com.google.android.gms.measurement.AppMeasurementReceiver"
213-->[com.google.android.gms:play-services-measurement:21.3.0] AndroidManifest.xml:30:13-85
214            android:enabled="true"
214-->[com.google.android.gms:play-services-measurement:21.3.0] AndroidManifest.xml:31:13-35
215            android:exported="false" >
215-->[com.google.android.gms:play-services-measurement:21.3.0] AndroidManifest.xml:32:13-37
216        </receiver>
217
218        <service
218-->[com.google.android.gms:play-services-measurement:21.3.0] AndroidManifest.xml:35:9-38:40
219            android:name="com.google.android.gms.measurement.AppMeasurementService"
219-->[com.google.android.gms:play-services-measurement:21.3.0] AndroidManifest.xml:36:13-84
220            android:enabled="true"
220-->[com.google.android.gms:play-services-measurement:21.3.0] AndroidManifest.xml:37:13-35
221            android:exported="false" />
221-->[com.google.android.gms:play-services-measurement:21.3.0] AndroidManifest.xml:38:13-37
222        <service
222-->[com.google.android.gms:play-services-measurement:21.3.0] AndroidManifest.xml:39:9-43:72
223            android:name="com.google.android.gms.measurement.AppMeasurementJobService"
223-->[com.google.android.gms:play-services-measurement:21.3.0] AndroidManifest.xml:40:13-87
224            android:enabled="true"
224-->[com.google.android.gms:play-services-measurement:21.3.0] AndroidManifest.xml:41:13-35
225            android:exported="false"
225-->[com.google.android.gms:play-services-measurement:21.3.0] AndroidManifest.xml:42:13-37
226            android:permission="android.permission.BIND_JOB_SERVICE" />
226-->[com.google.android.gms:play-services-measurement:21.3.0] AndroidManifest.xml:43:13-69
227
228        <meta-data
228-->[com.google.android.gms:play-services-basement:18.1.0] AndroidManifest.xml:21:9-23:69
229            android:name="com.google.android.gms.version"
229-->[com.google.android.gms:play-services-basement:18.1.0] AndroidManifest.xml:22:13-58
230            android:value="@integer/google_play_services_version" />
230-->[com.google.android.gms:play-services-basement:18.1.0] AndroidManifest.xml:23:13-66
231
232        <provider
232-->[androidx.emoji2:emoji2:1.2.0] AndroidManifest.xml:24:9-32:20
233            android:name="androidx.startup.InitializationProvider"
233-->[androidx.emoji2:emoji2:1.2.0] AndroidManifest.xml:25:13-67
234            android:authorities="com.alex.ultim2.androidx-startup"
234-->[androidx.emoji2:emoji2:1.2.0] AndroidManifest.xml:26:13-68
235            android:exported="false" >
235-->[androidx.emoji2:emoji2:1.2.0] AndroidManifest.xml:27:13-37
236            <meta-data
236-->[androidx.emoji2:emoji2:1.2.0] AndroidManifest.xml:29:13-31:52
237                android:name="androidx.emoji2.text.EmojiCompatInitializer"
237-->[androidx.emoji2:emoji2:1.2.0] AndroidManifest.xml:30:17-75
238                android:value="androidx.startup" />
238-->[androidx.emoji2:emoji2:1.2.0] AndroidManifest.xml:31:17-49
239            <meta-data
239-->[androidx.lifecycle:lifecycle-process:2.4.1] AndroidManifest.xml:31:13-33:52
240                android:name="androidx.lifecycle.ProcessLifecycleInitializer"
240-->[androidx.lifecycle:lifecycle-process:2.4.1] AndroidManifest.xml:32:17-78
241                android:value="androidx.startup" />
241-->[androidx.lifecycle:lifecycle-process:2.4.1] AndroidManifest.xml:33:17-49
242        </provider>
243    </application>
244
245</manifest>